<?xml version="1.0" encoding="UTF-8"?>
<testng-results skipped="0" failed="0" ignored="0" total="1" passed="1">
  <reporter-output>
  </reporter-output>
  <suite name="Default suite" duration-ms="192" started-at="2019-11-11T05:49:11Z" finished-at="2019-11-11T05:49:11Z">
    <groups>
    </groups>
    <test name="Default test" duration-ms="192" started-at="2019-11-11T05:49:11Z" finished-at="2019-11-11T05:49:11Z">
      <class name="org.Seleniumtesting.Jenkins_check">
        <test-method status="PASS" signature="test1()[pri:0, instance:org.Seleniumtesting.Jenkins_check@4cc0edeb]" name="test1" duration-ms="132" started-at="2019-11-11T05:49:11Z" finished-at="2019-11-11T05:49:11Z">
          <reporter-output>
          </reporter-output>
        </test-method> <!-- test1 -->
      </class> <!-- org.Seleniumtesting.Jenkins_check -->
    </test> <!-- Default test -->
  </suite> <!-- Default suite -->
</testng-results>
